2025-12-08 00:51:02,563 INFO o.a.j.u.JMeterUtils: Setting Locale to en_EN
2025-12-08 00:51:02,582 INFO o.a.j.JMeter: Loading user properties from: /opt/homebrew/Cellar/jmeter/5.6.3/libexec/bin/user.properties
2025-12-08 00:51:02,583 INFO o.a.j.JMeter: Loading system properties from: /opt/homebrew/Cellar/jmeter/5.6.3/libexec/bin/system.properties
2025-12-08 00:51:02,583 INFO o.a.j.JMeter: Setting JMeter property: PROJECT_DIR=/Users/blizzard.jr/ITMOUniversity/InformationSystems/ISLAB2/ISLAB2
2025-12-08 00:51:02,583 INFO o.a.j.JMeter: Setting JMeter property: BASE_URL=localhost
2025-12-08 00:51:02,583 INFO o.a.j.JMeter: Setting JMeter property: PORT=8080
2025-12-08 00:51:02,587 INFO o.a.j.JMeter: Copyright (c) 1998-2024 The Apache Software Foundation
2025-12-08 00:51:02,587 INFO o.a.j.JMeter: Version 5.6.3
2025-12-08 00:51:02,587 INFO o.a.j.JMeter: java.version=21.0.9
2025-12-08 00:51:02,587 INFO o.a.j.JMeter: java.vm.name=OpenJDK 64-Bit Server VM
2025-12-08 00:51:02,587 INFO o.a.j.JMeter: os.name=Mac OS X
2025-12-08 00:51:02,587 INFO o.a.j.JMeter: os.arch=aarch64
2025-12-08 00:51:02,587 INFO o.a.j.JMeter: os.version=15.6.1
2025-12-08 00:51:02,587 INFO o.a.j.JMeter: file.encoding=UTF-8
2025-12-08 00:51:02,587 INFO o.a.j.JMeter: java.awt.headless=true
2025-12-08 00:51:02,587 INFO o.a.j.JMeter: Max memory     =1073741824
2025-12-08 00:51:02,587 INFO o.a.j.JMeter: Available Processors =12
2025-12-08 00:51:02,594 INFO o.a.j.JMeter: Default Locale=English (EN)
2025-12-08 00:51:02,595 INFO o.a.j.JMeter: JMeter  Locale=English (EN)
2025-12-08 00:51:02,595 INFO o.a.j.JMeter: JMeterHome=/opt/homebrew/Cellar/jmeter/5.6.3/libexec
2025-12-08 00:51:02,595 INFO o.a.j.JMeter: user.dir  =/Users/blizzard.jr/ITMOUniversity/InformationSystems/ISLAB2/ISLAB2
2025-12-08 00:51:02,595 INFO o.a.j.JMeter: PWD       =/Users/blizzard.jr/ITMOUniversity/InformationSystems/ISLAB2/ISLAB2
2025-12-08 00:51:02,596 INFO o.a.j.JMeter: IP: 127.0.0.1 Name: MacBook-Pro-Leonard.local FullName: localhost
2025-12-08 00:51:02,605 INFO o.a.j.s.FileServer: Default base='/Users/blizzard.jr/ITMOUniversity/InformationSystems/ISLAB2/ISLAB2'
2025-12-08 00:51:02,607 INFO o.a.j.s.FileServer: Set new base='/Users/blizzard.jr/ITMOUniversity/InformationSystems/ISLAB2/ISLAB2/jmeter'
2025-12-08 00:51:02,702 INFO o.a.j.s.SaveService: Testplan (JMX) version: 2.2. Testlog (JTL) version: 2.2
2025-12-08 00:51:02,726 INFO o.a.j.s.SaveService: Using SaveService properties version 5.0
2025-12-08 00:51:02,727 INFO o.a.j.s.SaveService: Using SaveService properties file encoding UTF-8
2025-12-08 00:51:02,729 INFO o.a.j.s.SaveService: Loading file: jmeter/test-plan.jmx
2025-12-08 00:51:02,765 INFO o.a.j.p.h.s.HTTPSamplerBase: Parser for text/html is org.apache.jmeter.protocol.http.parser.LagartoBasedHtmlParser
2025-12-08 00:51:02,765 INFO o.a.j.p.h.s.HTTPSamplerBase: Parser for application/xhtml+xml is org.apache.jmeter.protocol.http.parser.LagartoBasedHtmlParser
2025-12-08 00:51:02,765 INFO o.a.j.p.h.s.HTTPSamplerBase: Parser for application/xml is org.apache.jmeter.protocol.http.parser.LagartoBasedHtmlParser
2025-12-08 00:51:02,765 INFO o.a.j.p.h.s.HTTPSamplerBase: Parser for text/xml is org.apache.jmeter.protocol.http.parser.LagartoBasedHtmlParser
2025-12-08 00:51:02,765 INFO o.a.j.p.h.s.HTTPSamplerBase: Parser for text/vnd.wap.wml is org.apache.jmeter.protocol.http.parser.RegexpHTMLParser
2025-12-08 00:51:02,765 INFO o.a.j.p.h.s.HTTPSamplerBase: Parser for text/css is org.apache.jmeter.protocol.http.parser.CssParser
2025-12-08 00:51:03,018 INFO o.a.j.JMeter: Creating summariser <summary>
2025-12-08 00:51:03,024 INFO o.a.j.e.StandardJMeterEngine: Running the test!
2025-12-08 00:51:03,024 INFO o.a.j.s.SampleEvent: List of sample_variables: []
2025-12-08 00:51:03,024 INFO o.a.j.s.SampleEvent: List of sample_variables: []
2025-12-08 00:51:03,026 INFO o.a.j.e.u.CompoundVariable: Note: Function class names must contain the string: '.functions.'
2025-12-08 00:51:03,027 INFO o.a.j.e.u.CompoundVariable: Note: Function class names must not contain the string: '.gui.'
2025-12-08 00:51:03,056 INFO o.a.j.r.ClassFinder: Will scan jar /opt/homebrew/Cellar/jmeter/5.6.3/libexec/lib/ext/jmeter-plugins-manager-1.9.jar with filter ExtendsClassFilter [parents=[interface org.apache.jmeter.functions.Function], inner=false, contains=null, notContains=null]. Consider exposing JMeter plugins via META-INF/services, and add JMeter-Skip-Class-Scanning=true manifest attribute so JMeter can skip classfile scanning
2025-12-08 00:51:03,126 INFO o.a.j.JMeter: Running test (1765144263126)
2025-12-08 00:51:03,127 INFO o.a.j.e.StandardJMeterEngine: Starting setUp thread groups
2025-12-08 00:51:03,127 INFO o.a.j.e.StandardJMeterEngine: Starting setUp ThreadGroup: 1 : Setup - Create Test Users 
2025-12-08 00:51:03,127 INFO o.a.j.e.StandardJMeterEngine: Starting 1 threads for group Setup - Create Test Users.
2025-12-08 00:51:03,127 INFO o.a.j.e.StandardJMeterEngine: Thread will continue on error
2025-12-08 00:51:03,128 INFO o.a.j.t.ThreadGroup: Starting thread group... number=1 threads=1 ramp-up=1 delayedStart=false
2025-12-08 00:51:03,130 INFO o.a.j.t.ThreadGroup: Started thread group number 1
2025-12-08 00:51:03,130 INFO o.a.j.e.StandardJMeterEngine: Waiting for all setup thread groups to exit
2025-12-08 00:51:03,132 INFO o.a.j.t.JMeterThread: Thread started: Setup - Create Test Users 1-1
2025-12-08 00:51:03,140 INFO o.a.j.p.h.s.HTTPHCAbstractImpl: Local host = MacBook-Pro-Leonard.local
2025-12-08 00:51:03,143 INFO o.a.j.p.h.s.HTTPHC4Impl: HTTP request retry count = 0
2025-12-08 00:51:03,145 INFO o.a.j.s.SampleResult: Note: Sample TimeStamps are START times
2025-12-08 00:51:03,145 INFO o.a.j.s.SampleResult: sampleresult.default.encoding is set to UTF-8
2025-12-08 00:51:03,145 INFO o.a.j.s.SampleResult: sampleresult.useNanoTime=true
2025-12-08 00:51:03,145 INFO o.a.j.s.SampleResult: sampleresult.nanoThreadSleep=5000
2025-12-08 00:51:03,415 INFO o.a.j.r.Summariser: summary +      1 in 00:00:00 =    3.5/s Avg:   239 Min:   239 Max:   239 Err:     0 (0.00%) Active: 1 Started: 1 Finished: 0
2025-12-08 00:51:04,952 INFO o.a.j.t.JMeterThread: Thread is done: Setup - Create Test Users 1-1
2025-12-08 00:51:04,953 INFO o.a.j.t.JMeterThread: Thread finished: Setup - Create Test Users 1-1
2025-12-08 00:51:04,954 INFO o.a.j.e.StandardJMeterEngine: All Setup Threads have ended
2025-12-08 00:51:04,964 INFO o.a.j.e.StandardJMeterEngine: Starting ThreadGroup: 1 : Test 1: Concurrent CREATE Operations
2025-12-08 00:51:04,964 INFO o.a.j.e.StandardJMeterEngine: Starting 20 threads for group Test 1: Concurrent CREATE Operations.
2025-12-08 00:51:04,964 INFO o.a.j.e.StandardJMeterEngine: Thread will continue on error
2025-12-08 00:51:04,964 INFO o.a.j.t.ThreadGroup: Starting thread group... number=1 threads=20 ramp-up=2 delayedStart=false
2025-12-08 00:51:04,965 INFO o.a.j.t.JMeterThread: Thread started: Test 1: Concurrent CREATE Operations 1-1
2025-12-08 00:51:04,968 INFO o.a.j.t.ThreadGroup: Started thread group number 1
2025-12-08 00:51:04,968 INFO o.a.j.e.StandardJMeterEngine: Starting ThreadGroup: 2 : Test 2: Uniqueness Constraint - Same Name
2025-12-08 00:51:04,968 INFO o.a.j.e.StandardJMeterEngine: Starting 20 threads for group Test 2: Uniqueness Constraint - Same Name.
2025-12-08 00:51:04,968 INFO o.a.j.e.StandardJMeterEngine: Thread will continue on error
2025-12-08 00:51:04,968 INFO o.a.j.t.ThreadGroup: Starting thread group... number=2 threads=20 ramp-up=0 delayedStart=false
2025-12-08 00:51:04,968 INFO o.a.j.t.JMeterThread: Thread started: Test 2: Uniqueness Constraint - Same Name 2-1
2025-12-08 00:51:04,968 INFO o.a.j.t.JMeterThread: Thread started: Test 2: Uniqueness Constraint - Same Name 2-2
2025-12-08 00:51:04,969 INFO o.a.j.t.JMeterThread: Thread started: Test 2: Uniqueness Constraint - Same Name 2-3
2025-12-08 00:51:04,969 INFO o.a.j.t.JMeterThread: Thread started: Test 2: Uniqueness Constraint - Same Name 2-4
2025-12-08 00:51:04,969 INFO o.a.j.t.JMeterThread: Thread started: Test 2: Uniqueness Constraint - Same Name 2-5
2025-12-08 00:51:04,969 INFO o.a.j.t.JMeterThread: Thread started: Test 2: Uniqueness Constraint - Same Name 2-6
2025-12-08 00:51:04,969 INFO o.a.j.t.JMeterThread: Thread started: Test 2: Uniqueness Constraint - Same Name 2-7
2025-12-08 00:51:04,969 INFO o.a.j.t.JMeterThread: Thread started: Test 2: Uniqueness Constraint - Same Name 2-8
2025-12-08 00:51:04,969 INFO o.a.j.t.JMeterThread: Thread started: Test 2: Uniqueness Constraint - Same Name 2-9
2025-12-08 00:51:04,970 INFO o.a.j.t.JMeterThread: Thread started: Test 2: Uniqueness Constraint - Same Name 2-10
2025-12-08 00:51:04,970 INFO o.a.j.t.JMeterThread: Thread started: Test 2: Uniqueness Constraint - Same Name 2-11
2025-12-08 00:51:04,970 INFO o.a.j.t.JMeterThread: Thread started: Test 2: Uniqueness Constraint - Same Name 2-12
2025-12-08 00:51:04,970 INFO o.a.j.t.JMeterThread: Thread started: Test 2: Uniqueness Constraint - Same Name 2-13
2025-12-08 00:51:04,970 INFO o.a.j.t.JMeterThread: Thread started: Test 2: Uniqueness Constraint - Same Name 2-14
2025-12-08 00:51:04,970 INFO o.a.j.t.JMeterThread: Thread started: Test 2: Uniqueness Constraint - Same Name 2-15
2025-12-08 00:51:04,970 INFO o.a.j.t.JMeterThread: Thread started: Test 2: Uniqueness Constraint - Same Name 2-16
2025-12-08 00:51:04,970 INFO o.a.j.t.JMeterThread: Thread started: Test 2: Uniqueness Constraint - Same Name 2-17
2025-12-08 00:51:04,970 INFO o.a.j.t.JMeterThread: Thread started: Test 2: Uniqueness Constraint - Same Name 2-18
2025-12-08 00:51:04,971 INFO o.a.j.t.JMeterThread: Thread started: Test 2: Uniqueness Constraint - Same Name 2-19
2025-12-08 00:51:04,971 INFO o.a.j.t.ThreadGroup: Started thread group number 2
2025-12-08 00:51:04,971 INFO o.a.j.e.StandardJMeterEngine: Starting ThreadGroup: 3 : Test 3: Concurrent UPDATE Same Object
2025-12-08 00:51:04,971 INFO o.a.j.e.StandardJMeterEngine: Starting 20 threads for group Test 3: Concurrent UPDATE Same Object.
2025-12-08 00:51:04,971 INFO o.a.j.e.StandardJMeterEngine: Thread will continue on error
2025-12-08 00:51:04,971 INFO o.a.j.t.JMeterThread: Thread started: Test 2: Uniqueness Constraint - Same Name 2-20
2025-12-08 00:51:04,971 INFO o.a.j.t.ThreadGroup: Starting thread group... number=3 threads=20 ramp-up=0 delayedStart=false
2025-12-08 00:51:04,975 INFO o.a.j.t.JMeterThread: Thread started: Test 3: Concurrent UPDATE Same Object 3-1
2025-12-08 00:51:05,008 INFO o.a.j.t.JMeterThread: Thread started: Test 3: Concurrent UPDATE Same Object 3-2
2025-12-08 00:51:05,038 INFO o.a.j.t.JMeterThread: Thread started: Test 3: Concurrent UPDATE Same Object 3-3
2025-12-08 00:51:05,045 INFO o.a.j.t.JMeterThread: Thread started: Test 3: Concurrent UPDATE Same Object 3-4
2025-12-08 00:51:05,052 INFO o.a.j.t.JMeterThread: Thread started: Test 3: Concurrent UPDATE Same Object 3-5
2025-12-08 00:51:05,063 INFO o.a.j.t.JMeterThread: Thread started: Test 3: Concurrent UPDATE Same Object 3-6
2025-12-08 00:51:05,067 INFO o.a.j.t.JMeterThread: Thread started: Test 1: Concurrent CREATE Operations 1-2
2025-12-08 00:51:05,071 INFO o.a.j.t.JMeterThread: Thread started: Test 3: Concurrent UPDATE Same Object 3-7
2025-12-08 00:51:05,079 INFO o.a.j.t.JMeterThread: Thread started: Test 3: Concurrent UPDATE Same Object 3-8
2025-12-08 00:51:05,084 INFO o.a.j.t.JMeterThread: Thread started: Test 3: Concurrent UPDATE Same Object 3-9
2025-12-08 00:51:05,087 INFO o.a.j.t.JMeterThread: Thread started: Test 3: Concurrent UPDATE Same Object 3-10
2025-12-08 00:51:05,090 INFO o.a.j.t.JMeterThread: Thread started: Test 3: Concurrent UPDATE Same Object 3-11
2025-12-08 00:51:05,094 INFO o.a.j.t.JMeterThread: Thread started: Test 3: Concurrent UPDATE Same Object 3-12
2025-12-08 00:51:05,097 INFO o.a.j.t.JMeterThread: Thread started: Test 3: Concurrent UPDATE Same Object 3-13
2025-12-08 00:51:05,100 INFO o.a.j.t.JMeterThread: Thread started: Test 3: Concurrent UPDATE Same Object 3-14
2025-12-08 00:51:05,102 INFO o.a.j.t.JMeterThread: Thread started: Test 3: Concurrent UPDATE Same Object 3-15
2025-12-08 00:51:05,105 INFO o.a.j.t.JMeterThread: Thread started: Test 3: Concurrent UPDATE Same Object 3-16
2025-12-08 00:51:05,109 INFO o.a.j.t.JMeterThread: Thread started: Test 3: Concurrent UPDATE Same Object 3-17
2025-12-08 00:51:05,112 INFO o.a.j.t.JMeterThread: Thread started: Test 3: Concurrent UPDATE Same Object 3-18
2025-12-08 00:51:05,114 INFO o.a.j.t.JMeterThread: Thread started: Test 3: Concurrent UPDATE Same Object 3-19
2025-12-08 00:51:05,117 INFO o.a.j.t.ThreadGroup: Started thread group number 3
2025-12-08 00:51:05,117 INFO o.a.j.e.StandardJMeterEngine: Starting ThreadGroup: 4 : Test 4: Concurrent DELETE Same Object
2025-12-08 00:51:05,117 INFO o.a.j.e.StandardJMeterEngine: Starting 20 threads for group Test 4: Concurrent DELETE Same Object.
2025-12-08 00:51:05,117 INFO o.a.j.t.JMeterThread: Thread started: Test 3: Concurrent UPDATE Same Object 3-20
2025-12-08 00:51:05,117 INFO o.a.j.e.StandardJMeterEngine: Thread will continue on error
2025-12-08 00:51:05,117 INFO o.a.j.t.ThreadGroup: Starting thread group... number=4 threads=20 ramp-up=0 delayedStart=false
2025-12-08 00:51:05,120 INFO o.a.j.t.JMeterThread: Thread started: Test 4: Concurrent DELETE Same Object 4-1
2025-12-08 00:51:05,122 INFO o.a.j.t.JMeterThread: Thread started: Test 4: Concurrent DELETE Same Object 4-2
2025-12-08 00:51:05,125 INFO o.a.j.t.JMeterThread: Thread started: Test 4: Concurrent DELETE Same Object 4-3
2025-12-08 00:51:05,128 INFO o.a.j.t.JMeterThread: Thread started: Test 4: Concurrent DELETE Same Object 4-4
2025-12-08 00:51:05,136 INFO o.a.j.t.JMeterThread: Thread started: Test 4: Concurrent DELETE Same Object 4-5
2025-12-08 00:51:05,166 INFO o.a.j.t.JMeterThread: Thread started: Test 4: Concurrent DELETE Same Object 4-6
2025-12-08 00:51:05,169 INFO o.a.j.t.JMeterThread: Thread started: Test 1: Concurrent CREATE Operations 1-3
2025-12-08 00:51:05,172 INFO o.a.j.t.JMeterThread: Thread started: Test 4: Concurrent DELETE Same Object 4-7
2025-12-08 00:51:05,178 INFO o.a.j.t.JMeterThread: Thread started: Test 4: Concurrent DELETE Same Object 4-8
2025-12-08 00:51:05,181 INFO o.a.j.t.JMeterThread: Thread started: Test 4: Concurrent DELETE Same Object 4-9
2025-12-08 00:51:05,184 INFO o.a.j.t.JMeterThread: Thread started: Test 4: Concurrent DELETE Same Object 4-10
2025-12-08 00:51:05,186 INFO o.a.j.t.JMeterThread: Thread started: Test 4: Concurrent DELETE Same Object 4-11
2025-12-08 00:51:05,189 INFO o.a.j.t.JMeterThread: Thread started: Test 4: Concurrent DELETE Same Object 4-12
2025-12-08 00:51:05,192 INFO o.a.j.t.JMeterThread: Thread started: Test 4: Concurrent DELETE Same Object 4-13
2025-12-08 00:51:05,194 INFO o.a.j.t.JMeterThread: Thread started: Test 4: Concurrent DELETE Same Object 4-14
2025-12-08 00:51:05,197 INFO o.a.j.t.JMeterThread: Thread started: Test 4: Concurrent DELETE Same Object 4-15
2025-12-08 00:51:05,201 INFO o.a.j.t.JMeterThread: Thread started: Test 4: Concurrent DELETE Same Object 4-16
2025-12-08 00:51:05,204 INFO o.a.j.t.JMeterThread: Thread started: Test 4: Concurrent DELETE Same Object 4-17
2025-12-08 00:51:05,207 INFO o.a.j.t.JMeterThread: Thread started: Test 4: Concurrent DELETE Same Object 4-18
2025-12-08 00:51:05,210 INFO o.a.j.t.JMeterThread: Thread started: Test 4: Concurrent DELETE Same Object 4-19
2025-12-08 00:51:05,213 INFO o.a.j.t.ThreadGroup: Started thread group number 4
2025-12-08 00:51:05,213 INFO o.a.j.e.StandardJMeterEngine: Starting ThreadGroup: 5 : Test 5: Concurrent File Import
2025-12-08 00:51:05,213 INFO o.a.j.e.StandardJMeterEngine: Starting 20 threads for group Test 5: Concurrent File Import.
2025-12-08 00:51:05,213 INFO o.a.j.t.JMeterThread: Thread started: Test 4: Concurrent DELETE Same Object 4-20
2025-12-08 00:51:05,214 INFO o.a.j.e.StandardJMeterEngine: Thread will continue on error
2025-12-08 00:51:05,214 INFO o.a.j.t.ThreadGroup: Starting thread group... number=5 threads=20 ramp-up=0 delayedStart=false
2025-12-08 00:51:05,214 INFO o.a.j.t.JMeterThread: Thread started: Test 5: Concurrent File Import 5-1
2025-12-08 00:51:05,214 INFO o.a.j.t.JMeterThread: Thread started: Test 5: Concurrent File Import 5-2
2025-12-08 00:51:05,215 INFO o.a.j.t.JMeterThread: Thread started: Test 5: Concurrent File Import 5-3
2025-12-08 00:51:05,215 INFO o.a.j.t.JMeterThread: Thread started: Test 5: Concurrent File Import 5-4
2025-12-08 00:51:05,215 INFO o.a.j.t.JMeterThread: Thread started: Test 5: Concurrent File Import 5-5
2025-12-08 00:51:05,215 INFO o.a.j.t.JMeterThread: Thread started: Test 5: Concurrent File Import 5-6
2025-12-08 00:51:05,216 INFO o.a.j.t.JMeterThread: Thread started: Test 5: Concurrent File Import 5-7
2025-12-08 00:51:05,216 INFO o.a.j.t.JMeterThread: Thread started: Test 5: Concurrent File Import 5-8
2025-12-08 00:51:05,216 INFO o.a.j.t.JMeterThread: Thread started: Test 5: Concurrent File Import 5-9
2025-12-08 00:51:05,216 INFO o.a.j.t.JMeterThread: Thread started: Test 5: Concurrent File Import 5-10
2025-12-08 00:51:05,216 INFO o.a.j.t.JMeterThread: Thread started: Test 5: Concurrent File Import 5-11
2025-12-08 00:51:05,217 INFO o.a.j.t.JMeterThread: Thread started: Test 5: Concurrent File Import 5-12
2025-12-08 00:51:05,217 INFO o.a.j.t.JMeterThread: Thread started: Test 5: Concurrent File Import 5-13
2025-12-08 00:51:05,217 INFO o.a.j.t.JMeterThread: Thread started: Test 5: Concurrent File Import 5-14
2025-12-08 00:51:05,217 INFO o.a.j.t.JMeterThread: Thread started: Test 5: Concurrent File Import 5-15
2025-12-08 00:51:05,217 INFO o.a.j.t.JMeterThread: Thread started: Test 5: Concurrent File Import 5-16
2025-12-08 00:51:05,217 INFO o.a.j.t.JMeterThread: Thread started: Test 5: Concurrent File Import 5-17
2025-12-08 00:51:05,218 INFO o.a.j.t.JMeterThread: Thread started: Test 5: Concurrent File Import 5-18
2025-12-08 00:51:05,218 INFO o.a.j.t.JMeterThread: Thread started: Test 5: Concurrent File Import 5-19
2025-12-08 00:51:05,218 INFO o.a.j.t.ThreadGroup: Started thread group number 5
2025-12-08 00:51:05,218 INFO o.a.j.t.JMeterThread: Thread started: Test 5: Concurrent File Import 5-20
2025-12-08 00:51:05,218 INFO o.a.j.e.StandardJMeterEngine: All thread groups have been started
2025-12-08 00:51:05,269 INFO o.a.j.t.JMeterThread: Thread started: Test 1: Concurrent CREATE Operations 1-4
2025-12-08 00:51:05,369 INFO o.a.j.t.JMeterThread: Thread started: Test 1: Concurrent CREATE Operations 1-5
2025-12-08 00:51:05,470 INFO o.a.j.t.JMeterThread: Thread started: Test 1: Concurrent CREATE Operations 1-6
2025-12-08 00:51:05,566 INFO o.a.j.t.JMeterThread: Thread started: Test 1: Concurrent CREATE Operations 1-7
2025-12-08 00:51:05,653 INFO o.a.j.s.FileServer: Stored: /Users/blizzard.jr/ITMOUniversity/InformationSystems/ISLAB2/ISLAB2/test-data/creatures1.yaml
2025-12-08 00:51:05,670 INFO o.a.j.t.JMeterThread: Thread started: Test 1: Concurrent CREATE Operations 1-8
2025-12-08 00:51:05,721 INFO o.a.j.t.JMeterThread: Thread is done: Test 5: Concurrent File Import 5-4
2025-12-08 00:51:05,721 INFO o.a.j.t.JMeterThread: Thread finished: Test 5: Concurrent File Import 5-4
2025-12-08 00:51:05,729 INFO o.a.j.t.JMeterThread: Thread is done: Test 5: Concurrent File Import 5-19
2025-12-08 00:51:05,729 INFO o.a.j.t.JMeterThread: Thread finished: Test 5: Concurrent File Import 5-19
2025-12-08 00:51:05,735 INFO o.a.j.t.JMeterThread: Thread is done: Test 5: Concurrent File Import 5-12
2025-12-08 00:51:05,735 INFO o.a.j.t.JMeterThread: Thread finished: Test 5: Concurrent File Import 5-12
2025-12-08 00:51:05,735 INFO o.a.j.t.JMeterThread: Thread is done: Test 5: Concurrent File Import 5-13
2025-12-08 00:51:05,735 INFO o.a.j.t.JMeterThread: Thread finished: Test 5: Concurrent File Import 5-13
2025-12-08 00:51:05,740 INFO o.a.j.t.JMeterThread: Thread is done: Test 5: Concurrent File Import 5-9
2025-12-08 00:51:05,741 INFO o.a.j.t.JMeterThread: Thread finished: Test 5: Concurrent File Import 5-9
2025-12-08 00:51:05,747 INFO o.a.j.t.JMeterThread: Thread is done: Test 5: Concurrent File Import 5-17
2025-12-08 00:51:05,748 INFO o.a.j.t.JMeterThread: Thread finished: Test 5: Concurrent File Import 5-17
2025-12-08 00:51:05,749 INFO o.a.j.t.JMeterThread: Thread is done: Test 5: Concurrent File Import 5-5
2025-12-08 00:51:05,749 INFO o.a.j.t.JMeterThread: Thread finished: Test 5: Concurrent File Import 5-5
2025-12-08 00:51:05,751 INFO o.a.j.t.JMeterThread: Thread is done: Test 5: Concurrent File Import 5-1
2025-12-08 00:51:05,751 INFO o.a.j.t.JMeterThread: Thread finished: Test 5: Concurrent File Import 5-1
2025-12-08 00:51:05,754 INFO o.a.j.t.JMeterThread: Thread is done: Test 5: Concurrent File Import 5-2
2025-12-08 00:51:05,754 INFO o.a.j.t.JMeterThread: Thread is done: Test 5: Concurrent File Import 5-18
2025-12-08 00:51:05,754 INFO o.a.j.t.JMeterThread: Thread finished: Test 5: Concurrent File Import 5-2
2025-12-08 00:51:05,754 INFO o.a.j.t.JMeterThread: Thread finished: Test 5: Concurrent File Import 5-18
2025-12-08 00:51:05,754 INFO o.a.j.t.JMeterThread: Thread is done: Test 5: Concurrent File Import 5-6
2025-12-08 00:51:05,754 INFO o.a.j.t.JMeterThread: Thread finished: Test 5: Concurrent File Import 5-6
2025-12-08 00:51:05,756 INFO o.a.j.t.JMeterThread: Thread is done: Test 5: Concurrent File Import 5-20
2025-12-08 00:51:05,756 INFO o.a.j.t.JMeterThread: Thread finished: Test 5: Concurrent File Import 5-20
2025-12-08 00:51:05,756 INFO o.a.j.t.JMeterThread: Thread is done: Test 5: Concurrent File Import 5-16
2025-12-08 00:51:05,756 INFO o.a.j.t.JMeterThread: Thread finished: Test 5: Concurrent File Import 5-16
2025-12-08 00:51:05,757 INFO o.a.j.t.JMeterThread: Thread is done: Test 5: Concurrent File Import 5-8
2025-12-08 00:51:05,757 INFO o.a.j.t.JMeterThread: Thread finished: Test 5: Concurrent File Import 5-8
2025-12-08 00:51:05,760 INFO o.a.j.t.JMeterThread: Thread is done: Test 5: Concurrent File Import 5-3
2025-12-08 00:51:05,760 INFO o.a.j.t.JMeterThread: Thread finished: Test 5: Concurrent File Import 5-3
2025-12-08 00:51:05,761 INFO o.a.j.t.JMeterThread: Thread is done: Test 5: Concurrent File Import 5-15
2025-12-08 00:51:05,761 INFO o.a.j.t.JMeterThread: Thread is done: Test 5: Concurrent File Import 5-14
2025-12-08 00:51:05,761 INFO o.a.j.t.JMeterThread: Thread finished: Test 5: Concurrent File Import 5-15
2025-12-08 00:51:05,761 INFO o.a.j.t.JMeterThread: Thread finished: Test 5: Concurrent File Import 5-14
2025-12-08 00:51:05,763 INFO o.a.j.t.JMeterThread: Thread is done: Test 2: Uniqueness Constraint - Same Name 2-11
2025-12-08 00:51:05,763 INFO o.a.j.t.JMeterThread: Thread finished: Test 2: Uniqueness Constraint - Same Name 2-11
2025-12-08 00:51:05,763 INFO o.a.j.t.JMeterThread: Thread is done: Test 2: Uniqueness Constraint - Same Name 2-8
2025-12-08 00:51:05,763 INFO o.a.j.t.JMeterThread: Thread finished: Test 2: Uniqueness Constraint - Same Name 2-8
2025-12-08 00:51:05,764 INFO o.a.j.t.JMeterThread: Thread is done: Test 5: Concurrent File Import 5-7
2025-12-08 00:51:05,764 INFO o.a.j.t.JMeterThread: Thread finished: Test 5: Concurrent File Import 5-7
2025-12-08 00:51:05,764 INFO o.a.j.t.JMeterThread: Thread is done: Test 2: Uniqueness Constraint - Same Name 2-12
2025-12-08 00:51:05,764 INFO o.a.j.t.JMeterThread: Thread finished: Test 2: Uniqueness Constraint - Same Name 2-12
2025-12-08 00:51:05,767 INFO o.a.j.t.JMeterThread: Thread started: Test 1: Concurrent CREATE Operations 1-9
2025-12-08 00:51:05,767 INFO o.a.j.t.JMeterThread: Thread is done: Test 2: Uniqueness Constraint - Same Name 2-16
2025-12-08 00:51:05,767 INFO o.a.j.t.JMeterThread: Thread finished: Test 2: Uniqueness Constraint - Same Name 2-16
2025-12-08 00:51:05,767 INFO o.a.j.t.JMeterThread: Thread is done: Test 2: Uniqueness Constraint - Same Name 2-1
2025-12-08 00:51:05,768 INFO o.a.j.t.JMeterThread: Thread finished: Test 2: Uniqueness Constraint - Same Name 2-1
2025-12-08 00:51:05,769 INFO o.a.j.t.JMeterThread: Thread is done: Test 2: Uniqueness Constraint - Same Name 2-14
2025-12-08 00:51:05,769 INFO o.a.j.t.JMeterThread: Thread finished: Test 2: Uniqueness Constraint - Same Name 2-14
2025-12-08 00:51:05,769 INFO o.a.j.t.JMeterThread: Thread is done: Test 2: Uniqueness Constraint - Same Name 2-17
2025-12-08 00:51:05,769 INFO o.a.j.t.JMeterThread: Thread finished: Test 2: Uniqueness Constraint - Same Name 2-17
2025-12-08 00:51:05,770 INFO o.a.j.t.JMeterThread: Thread is done: Test 2: Uniqueness Constraint - Same Name 2-7
2025-12-08 00:51:05,770 INFO o.a.j.t.JMeterThread: Thread finished: Test 2: Uniqueness Constraint - Same Name 2-7
2025-12-08 00:51:05,771 INFO o.a.j.t.JMeterThread: Thread is done: Test 2: Uniqueness Constraint - Same Name 2-9
2025-12-08 00:51:05,771 INFO o.a.j.t.JMeterThread: Thread finished: Test 2: Uniqueness Constraint - Same Name 2-9
2025-12-08 00:51:05,771 INFO o.a.j.t.JMeterThread: Thread is done: Test 2: Uniqueness Constraint - Same Name 2-19
2025-12-08 00:51:05,771 INFO o.a.j.t.JMeterThread: Thread finished: Test 2: Uniqueness Constraint - Same Name 2-19
2025-12-08 00:51:05,772 INFO o.a.j.t.JMeterThread: Thread is done: Test 2: Uniqueness Constraint - Same Name 2-6
2025-12-08 00:51:05,773 INFO o.a.j.t.JMeterThread: Thread finished: Test 2: Uniqueness Constraint - Same Name 2-6
2025-12-08 00:51:05,774 INFO o.a.j.t.JMeterThread: Thread is done: Test 2: Uniqueness Constraint - Same Name 2-20
2025-12-08 00:51:05,774 INFO o.a.j.t.JMeterThread: Thread finished: Test 2: Uniqueness Constraint - Same Name 2-20
2025-12-08 00:51:05,774 INFO o.a.j.t.JMeterThread: Thread is done: Test 2: Uniqueness Constraint - Same Name 2-15
2025-12-08 00:51:05,774 INFO o.a.j.t.JMeterThread: Thread finished: Test 2: Uniqueness Constraint - Same Name 2-15
2025-12-08 00:51:05,776 INFO o.a.j.t.JMeterThread: Thread is done: Test 2: Uniqueness Constraint - Same Name 2-4
2025-12-08 00:51:05,776 INFO o.a.j.t.JMeterThread: Thread is done: Test 2: Uniqueness Constraint - Same Name 2-2
2025-12-08 00:51:05,776 INFO o.a.j.t.JMeterThread: Thread finished: Test 2: Uniqueness Constraint - Same Name 2-2
2025-12-08 00:51:05,776 INFO o.a.j.t.JMeterThread: Thread finished: Test 2: Uniqueness Constraint - Same Name 2-4
2025-12-08 00:51:05,776 INFO o.a.j.t.JMeterThread: Thread is done: Test 2: Uniqueness Constraint - Same Name 2-3
2025-12-08 00:51:05,776 INFO o.a.j.t.JMeterThread: Thread finished: Test 2: Uniqueness Constraint - Same Name 2-3
2025-12-08 00:51:05,777 INFO o.a.j.t.JMeterThread: Thread is done: Test 2: Uniqueness Constraint - Same Name 2-13
2025-12-08 00:51:05,777 INFO o.a.j.t.JMeterThread: Thread finished: Test 2: Uniqueness Constraint - Same Name 2-13
2025-12-08 00:51:05,781 INFO o.a.j.t.JMeterThread: Thread is done: Test 2: Uniqueness Constraint - Same Name 2-5
2025-12-08 00:51:05,781 INFO o.a.j.t.JMeterThread: Thread finished: Test 2: Uniqueness Constraint - Same Name 2-5
2025-12-08 00:51:05,792 INFO o.a.j.t.JMeterThread: Thread is done: Test 2: Uniqueness Constraint - Same Name 2-10
2025-12-08 00:51:05,792 INFO o.a.j.t.JMeterThread: Thread finished: Test 2: Uniqueness Constraint - Same Name 2-10
2025-12-08 00:51:05,845 INFO o.a.j.t.JMeterThread: Thread is done: Test 2: Uniqueness Constraint - Same Name 2-18
2025-12-08 00:51:05,845 INFO o.a.j.t.JMeterThread: Thread finished: Test 2: Uniqueness Constraint - Same Name 2-18
2025-12-08 00:51:05,869 INFO o.a.j.t.JMeterThread: Thread started: Test 1: Concurrent CREATE Operations 1-10
2025-12-08 00:51:05,969 INFO o.a.j.t.JMeterThread: Thread started: Test 1: Concurrent CREATE Operations 1-11
2025-12-08 00:51:05,972 INFO o.a.j.t.JMeterThread: Thread is done: Test 5: Concurrent File Import 5-10
2025-12-08 00:51:05,972 INFO o.a.j.t.JMeterThread: Thread is done: Test 5: Concurrent File Import 5-11
2025-12-08 00:51:05,972 INFO o.a.j.t.JMeterThread: Thread finished: Test 5: Concurrent File Import 5-11
2025-12-08 00:51:05,972 INFO o.a.j.t.JMeterThread: Thread finished: Test 5: Concurrent File Import 5-10
2025-12-08 00:51:06,069 INFO o.a.j.t.JMeterThread: Thread started: Test 1: Concurrent CREATE Operations 1-12
2025-12-08 00:51:06,170 INFO o.a.j.t.JMeterThread: Thread started: Test 1: Concurrent CREATE Operations 1-13
2025-12-08 00:51:06,268 INFO o.a.j.t.JMeterThread: Thread started: Test 1: Concurrent CREATE Operations 1-14
2025-12-08 00:51:06,367 INFO o.a.j.t.JMeterThread: Thread started: Test 1: Concurrent CREATE Operations 1-15
2025-12-08 00:51:06,465 INFO o.a.j.t.JMeterThread: Thread started: Test 1: Concurrent CREATE Operations 1-16
2025-12-08 00:51:06,569 INFO o.a.j.t.JMeterThread: Thread started: Test 1: Concurrent CREATE Operations 1-17
2025-12-08 00:51:06,622 INFO o.a.j.t.JMeterThread: Thread is done: Test 1: Concurrent CREATE Operations 1-1
2025-12-08 00:51:06,622 INFO o.a.j.t.JMeterThread: Thread finished: Test 1: Concurrent CREATE Operations 1-1
2025-12-08 00:51:06,624 INFO o.a.j.t.JMeterThread: Thread is done: Test 1: Concurrent CREATE Operations 1-3
2025-12-08 00:51:06,624 INFO o.a.j.t.JMeterThread: Thread finished: Test 1: Concurrent CREATE Operations 1-3
2025-12-08 00:51:06,667 INFO o.a.j.t.JMeterThread: Thread started: Test 1: Concurrent CREATE Operations 1-18
2025-12-08 00:51:06,709 INFO o.a.j.t.JMeterThread: Thread is done: Test 1: Concurrent CREATE Operations 1-4
2025-12-08 00:51:06,709 INFO o.a.j.t.JMeterThread: Thread finished: Test 1: Concurrent CREATE Operations 1-4
2025-12-08 00:51:06,740 INFO o.a.j.t.JMeterThread: Thread is done: Test 1: Concurrent CREATE Operations 1-2
2025-12-08 00:51:06,740 INFO o.a.j.t.JMeterThread: Thread finished: Test 1: Concurrent CREATE Operations 1-2
2025-12-08 00:51:06,745 INFO o.a.j.t.JMeterThread: Thread is done: Test 1: Concurrent CREATE Operations 1-5
2025-12-08 00:51:06,745 INFO o.a.j.t.JMeterThread: Thread finished: Test 1: Concurrent CREATE Operations 1-5
2025-12-08 00:51:06,754 INFO o.a.j.t.JMeterThread: Thread is done: Test 1: Concurrent CREATE Operations 1-6
2025-12-08 00:51:06,754 INFO o.a.j.t.JMeterThread: Thread finished: Test 1: Concurrent CREATE Operations 1-6
2025-12-08 00:51:06,765 INFO o.a.j.t.JMeterThread: Thread started: Test 1: Concurrent CREATE Operations 1-19
2025-12-08 00:51:06,796 INFO o.a.j.t.JMeterThread: Thread is done: Test 1: Concurrent CREATE Operations 1-8
2025-12-08 00:51:06,796 INFO o.a.j.t.JMeterThread: Thread finished: Test 1: Concurrent CREATE Operations 1-8
2025-12-08 00:51:06,808 INFO o.a.j.t.JMeterThread: Thread is done: Test 1: Concurrent CREATE Operations 1-7
2025-12-08 00:51:06,808 INFO o.a.j.t.JMeterThread: Thread finished: Test 1: Concurrent CREATE Operations 1-7
2025-12-08 00:51:06,869 INFO o.a.j.t.JMeterThread: Thread started: Test 1: Concurrent CREATE Operations 1-20
2025-12-08 00:51:06,927 INFO o.a.j.t.JMeterThread: Thread is done: Test 1: Concurrent CREATE Operations 1-10
2025-12-08 00:51:06,927 INFO o.a.j.t.JMeterThread: Thread finished: Test 1: Concurrent CREATE Operations 1-10
2025-12-08 00:51:06,952 INFO o.a.j.t.JMeterThread: Thread is done: Test 1: Concurrent CREATE Operations 1-9
2025-12-08 00:51:06,952 INFO o.a.j.t.JMeterThread: Thread finished: Test 1: Concurrent CREATE Operations 1-9
2025-12-08 00:51:07,047 INFO o.a.j.t.JMeterThread: Thread is done: Test 1: Concurrent CREATE Operations 1-11
2025-12-08 00:51:07,047 INFO o.a.j.t.JMeterThread: Thread finished: Test 1: Concurrent CREATE Operations 1-11
2025-12-08 00:51:07,138 INFO o.a.j.t.JMeterThread: Thread is done: Test 1: Concurrent CREATE Operations 1-12
2025-12-08 00:51:07,138 INFO o.a.j.t.JMeterThread: Thread finished: Test 1: Concurrent CREATE Operations 1-12
2025-12-08 00:51:07,161 INFO o.a.j.t.JMeterThread: Thread is done: Test 1: Concurrent CREATE Operations 1-14
2025-12-08 00:51:07,161 INFO o.a.j.t.JMeterThread: Thread finished: Test 1: Concurrent CREATE Operations 1-14
2025-12-08 00:51:07,161 INFO o.a.j.t.JMeterThread: Thread is done: Test 1: Concurrent CREATE Operations 1-13
2025-12-08 00:51:07,161 INFO o.a.j.t.JMeterThread: Thread finished: Test 1: Concurrent CREATE Operations 1-13
2025-12-08 00:51:07,181 INFO o.a.j.t.JMeterThread: Thread is done: Test 1: Concurrent CREATE Operations 1-16
2025-12-08 00:51:07,181 INFO o.a.j.t.JMeterThread: Thread finished: Test 1: Concurrent CREATE Operations 1-16
2025-12-08 00:51:07,216 INFO o.a.j.t.JMeterThread: Thread is done: Test 1: Concurrent CREATE Operations 1-15
2025-12-08 00:51:07,216 INFO o.a.j.t.JMeterThread: Thread finished: Test 1: Concurrent CREATE Operations 1-15
2025-12-08 00:51:07,223 INFO o.a.j.t.JMeterThread: Thread is done: Test 1: Concurrent CREATE Operations 1-17
2025-12-08 00:51:07,223 INFO o.a.j.t.JMeterThread: Thread finished: Test 1: Concurrent CREATE Operations 1-17
2025-12-08 00:51:07,248 INFO o.a.j.t.JMeterThread: Thread is done: Test 1: Concurrent CREATE Operations 1-18
2025-12-08 00:51:07,248 INFO o.a.j.t.JMeterThread: Thread finished: Test 1: Concurrent CREATE Operations 1-18
2025-12-08 00:51:07,307 INFO o.a.j.t.JMeterThread: Thread is done: Test 1: Concurrent CREATE Operations 1-19
2025-12-08 00:51:07,307 INFO o.a.j.t.JMeterThread: Thread finished: Test 1: Concurrent CREATE Operations 1-19
2025-12-08 00:51:07,375 INFO o.a.j.t.JMeterThread: Thread is done: Test 1: Concurrent CREATE Operations 1-20
2025-12-08 00:51:07,375 INFO o.a.j.t.JMeterThread: Thread finished: Test 1: Concurrent CREATE Operations 1-20
2025-12-08 00:51:07,717 INFO o.a.j.t.JMeterThread: Thread is done: Test 4: Concurrent DELETE Same Object 4-14
2025-12-08 00:51:07,717 INFO o.a.j.t.JMeterThread: Thread finished: Test 4: Concurrent DELETE Same Object 4-14
2025-12-08 00:51:07,717 INFO o.a.j.t.JMeterThread: Thread is done: Test 4: Concurrent DELETE Same Object 4-11
2025-12-08 00:51:07,717 INFO o.a.j.t.JMeterThread: Thread finished: Test 4: Concurrent DELETE Same Object 4-11
2025-12-08 00:51:07,717 INFO o.a.j.t.JMeterThread: Thread is done: Test 4: Concurrent DELETE Same Object 4-15
2025-12-08 00:51:07,717 INFO o.a.j.t.JMeterThread: Thread finished: Test 4: Concurrent DELETE Same Object 4-15
2025-12-08 00:51:07,717 INFO o.a.j.t.JMeterThread: Thread is done: Test 4: Concurrent DELETE Same Object 4-6
2025-12-08 00:51:07,717 INFO o.a.j.t.JMeterThread: Thread is done: Test 4: Concurrent DELETE Same Object 4-18
2025-12-08 00:51:07,717 INFO o.a.j.t.JMeterThread: Thread finished: Test 4: Concurrent DELETE Same Object 4-18
2025-12-08 00:51:07,718 INFO o.a.j.t.JMeterThread: Thread is done: Test 4: Concurrent DELETE Same Object 4-7
2025-12-08 00:51:07,718 INFO o.a.j.t.JMeterThread: Thread finished: Test 4: Concurrent DELETE Same Object 4-7
2025-12-08 00:51:07,718 INFO o.a.j.t.JMeterThread: Thread is done: Test 4: Concurrent DELETE Same Object 4-20
2025-12-08 00:51:07,718 INFO o.a.j.t.JMeterThread: Thread finished: Test 4: Concurrent DELETE Same Object 4-20
2025-12-08 00:51:07,717 INFO o.a.j.t.JMeterThread: Thread is done: Test 4: Concurrent DELETE Same Object 4-10
2025-12-08 00:51:07,718 INFO o.a.j.t.JMeterThread: Thread finished: Test 4: Concurrent DELETE Same Object 4-10
2025-12-08 00:51:07,717 INFO o.a.j.t.JMeterThread: Thread finished: Test 4: Concurrent DELETE Same Object 4-6
2025-12-08 00:51:07,718 INFO o.a.j.t.JMeterThread: Thread is done: Test 4: Concurrent DELETE Same Object 4-19
2025-12-08 00:51:07,717 INFO o.a.j.t.JMeterThread: Thread is done: Test 4: Concurrent DELETE Same Object 4-4
2025-12-08 00:51:07,719 INFO o.a.j.t.JMeterThread: Thread finished: Test 4: Concurrent DELETE Same Object 4-4
2025-12-08 00:51:07,717 INFO o.a.j.t.JMeterThread: Thread is done: Test 4: Concurrent DELETE Same Object 4-9
2025-12-08 00:51:07,719 INFO o.a.j.t.JMeterThread: Thread is done: Test 4: Concurrent DELETE Same Object 4-2
2025-12-08 00:51:07,720 INFO o.a.j.t.JMeterThread: Thread finished: Test 4: Concurrent DELETE Same Object 4-2
2025-12-08 00:51:07,719 INFO o.a.j.t.JMeterThread: Thread finished: Test 4: Concurrent DELETE Same Object 4-19
2025-12-08 00:51:07,720 INFO o.a.j.t.JMeterThread: Thread is done: Test 4: Concurrent DELETE Same Object 4-16
2025-12-08 00:51:07,720 INFO o.a.j.t.JMeterThread: Thread finished: Test 4: Concurrent DELETE Same Object 4-16
2025-12-08 00:51:07,720 INFO o.a.j.t.JMeterThread: Thread finished: Test 4: Concurrent DELETE Same Object 4-9
2025-12-08 00:51:07,720 INFO o.a.j.t.JMeterThread: Thread is done: Test 4: Concurrent DELETE Same Object 4-17
2025-12-08 00:51:07,720 INFO o.a.j.t.JMeterThread: Thread is done: Test 4: Concurrent DELETE Same Object 4-8
2025-12-08 00:51:07,720 INFO o.a.j.t.JMeterThread: Thread finished: Test 4: Concurrent DELETE Same Object 4-8
2025-12-08 00:51:07,720 INFO o.a.j.t.JMeterThread: Thread finished: Test 4: Concurrent DELETE Same Object 4-17
2025-12-08 00:51:07,720 INFO o.a.j.t.JMeterThread: Thread is done: Test 4: Concurrent DELETE Same Object 4-12
2025-12-08 00:51:07,720 INFO o.a.j.t.JMeterThread: Thread is done: Test 4: Concurrent DELETE Same Object 4-5
2025-12-08 00:51:07,721 INFO o.a.j.t.JMeterThread: Thread finished: Test 4: Concurrent DELETE Same Object 4-12
2025-12-08 00:51:07,721 INFO o.a.j.t.JMeterThread: Thread is done: Test 4: Concurrent DELETE Same Object 4-13
2025-12-08 00:51:07,721 INFO o.a.j.t.JMeterThread: Thread finished: Test 4: Concurrent DELETE Same Object 4-5
2025-12-08 00:51:07,721 INFO o.a.j.t.JMeterThread: Thread finished: Test 4: Concurrent DELETE Same Object 4-13
2025-12-08 00:51:07,721 INFO o.a.j.t.JMeterThread: Thread is done: Test 4: Concurrent DELETE Same Object 4-3
2025-12-08 00:51:07,721 INFO o.a.j.t.JMeterThread: Thread finished: Test 4: Concurrent DELETE Same Object 4-3
2025-12-08 00:51:17,710 WARN o.a.j.t.SyncTimer: SyncTimer Synchronizing Timer timeouted waiting for users after: 10000ms
2025-12-08 00:51:27,808 INFO o.a.j.t.JMeterThread: Thread is done: Test 3: Concurrent UPDATE Same Object 3-15
2025-12-08 00:51:27,809 INFO o.a.j.t.JMeterThread: Thread finished: Test 3: Concurrent UPDATE Same Object 3-15
2025-12-08 00:51:27,809 INFO o.a.j.t.JMeterThread: Thread is done: Test 3: Concurrent UPDATE Same Object 3-17
2025-12-08 00:51:27,809 INFO o.a.j.t.JMeterThread: Thread is done: Test 3: Concurrent UPDATE Same Object 3-8
2025-12-08 00:51:27,809 INFO o.a.j.t.JMeterThread: Thread is done: Test 3: Concurrent UPDATE Same Object 3-5
2025-12-08 00:51:27,809 INFO o.a.j.t.JMeterThread: Thread finished: Test 3: Concurrent UPDATE Same Object 3-8
2025-12-08 00:51:27,809 INFO o.a.j.t.JMeterThread: Thread finished: Test 3: Concurrent UPDATE Same Object 3-5
2025-12-08 00:51:27,810 INFO o.a.j.t.JMeterThread: Thread finished: Test 3: Concurrent UPDATE Same Object 3-17
2025-12-08 00:51:27,809 INFO o.a.j.t.JMeterThread: Thread is done: Test 3: Concurrent UPDATE Same Object 3-9
2025-12-08 00:51:27,810 INFO o.a.j.t.JMeterThread: Thread finished: Test 3: Concurrent UPDATE Same Object 3-9
2025-12-08 00:51:27,812 INFO o.a.j.t.JMeterThread: Thread is done: Test 3: Concurrent UPDATE Same Object 3-18
2025-12-08 00:51:27,812 INFO o.a.j.t.JMeterThread: Thread is done: Test 3: Concurrent UPDATE Same Object 3-19
2025-12-08 00:51:27,812 INFO o.a.j.t.JMeterThread: Thread finished: Test 3: Concurrent UPDATE Same Object 3-18
2025-12-08 00:51:27,812 INFO o.a.j.t.JMeterThread: Thread is done: Test 3: Concurrent UPDATE Same Object 3-6
2025-12-08 00:51:27,812 INFO o.a.j.t.JMeterThread: Thread finished: Test 3: Concurrent UPDATE Same Object 3-6
2025-12-08 00:51:27,812 INFO o.a.j.t.JMeterThread: Thread finished: Test 3: Concurrent UPDATE Same Object 3-19
2025-12-08 00:51:27,813 INFO o.a.j.t.JMeterThread: Thread is done: Test 3: Concurrent UPDATE Same Object 3-2
2025-12-08 00:51:27,813 INFO o.a.j.t.JMeterThread: Thread finished: Test 3: Concurrent UPDATE Same Object 3-2
2025-12-08 00:51:27,812 INFO o.a.j.t.JMeterThread: Thread is done: Test 3: Concurrent UPDATE Same Object 3-3
2025-12-08 00:51:27,813 INFO o.a.j.t.JMeterThread: Thread finished: Test 3: Concurrent UPDATE Same Object 3-3
2025-12-08 00:51:27,813 INFO o.a.j.t.JMeterThread: Thread is done: Test 3: Concurrent UPDATE Same Object 3-16
2025-12-08 00:51:27,813 INFO o.a.j.t.JMeterThread: Thread finished: Test 3: Concurrent UPDATE Same Object 3-16
2025-12-08 00:51:27,813 INFO o.a.j.t.JMeterThread: Thread is done: Test 3: Concurrent UPDATE Same Object 3-10
2025-12-08 00:51:27,813 INFO o.a.j.t.JMeterThread: Thread finished: Test 3: Concurrent UPDATE Same Object 3-10
2025-12-08 00:51:27,814 INFO o.a.j.t.JMeterThread: Thread is done: Test 3: Concurrent UPDATE Same Object 3-7
2025-12-08 00:51:27,814 INFO o.a.j.t.JMeterThread: Thread is done: Test 3: Concurrent UPDATE Same Object 3-13
2025-12-08 00:51:27,814 INFO o.a.j.t.JMeterThread: Thread finished: Test 3: Concurrent UPDATE Same Object 3-7
2025-12-08 00:51:27,814 INFO o.a.j.t.JMeterThread: Thread finished: Test 3: Concurrent UPDATE Same Object 3-13
2025-12-08 00:51:27,814 INFO o.a.j.t.JMeterThread: Thread is done: Test 3: Concurrent UPDATE Same Object 3-20
2025-12-08 00:51:27,814 INFO o.a.j.t.JMeterThread: Thread is done: Test 3: Concurrent UPDATE Same Object 3-12
2025-12-08 00:51:27,814 INFO o.a.j.t.JMeterThread: Thread is done: Test 3: Concurrent UPDATE Same Object 3-11
2025-12-08 00:51:27,814 INFO o.a.j.t.JMeterThread: Thread finished: Test 3: Concurrent UPDATE Same Object 3-12
2025-12-08 00:51:27,814 INFO o.a.j.t.JMeterThread: Thread is done: Test 3: Concurrent UPDATE Same Object 3-4
2025-12-08 00:51:27,814 INFO o.a.j.t.JMeterThread: Thread finished: Test 3: Concurrent UPDATE Same Object 3-20
2025-12-08 00:51:27,814 INFO o.a.j.t.JMeterThread: Thread finished: Test 3: Concurrent UPDATE Same Object 3-4
2025-12-08 00:51:27,814 INFO o.a.j.t.JMeterThread: Thread finished: Test 3: Concurrent UPDATE Same Object 3-11
2025-12-08 00:51:27,816 INFO o.a.j.t.JMeterThread: Thread is done: Test 3: Concurrent UPDATE Same Object 3-14
2025-12-08 00:51:27,816 INFO o.a.j.t.JMeterThread: Thread finished: Test 3: Concurrent UPDATE Same Object 3-14
2025-12-08 00:51:28,829 WARN o.a.j.t.SyncTimer: SyncTimer Synchronizing Timer timeouted waiting for users after: 10000ms
2025-12-08 00:51:29,842 INFO o.a.j.t.JMeterThread: Thread is done: Test 4: Concurrent DELETE Same Object 4-1
2025-12-08 00:51:29,842 INFO o.a.j.t.JMeterThread: Thread finished: Test 4: Concurrent DELETE Same Object 4-1
2025-12-08 00:51:37,818 WARN o.a.j.t.SyncTimer: SyncTimer Synchronizing Timer timeouted waiting for users after: 10000ms
2025-12-08 00:51:48,937 WARN o.a.j.t.SyncTimer: SyncTimer Synchronizing Timer timeouted waiting for users after: 10000ms
2025-12-08 00:51:49,961 INFO o.a.j.t.JMeterThread: Thread is done: Test 3: Concurrent UPDATE Same Object 3-1
2025-12-08 00:51:49,961 INFO o.a.j.t.JMeterThread: Thread finished: Test 3: Concurrent UPDATE Same Object 3-1
2025-12-08 00:51:49,962 INFO o.a.j.e.StandardJMeterEngine: Notifying test listeners of end of test
2025-12-08 00:51:49,965 INFO o.a.j.r.Summariser: summary +    743 in 00:00:47 =   16.0/s Avg:   121 Min:     1 Max:   778 Err:   342 (46.03%) Active: 0 Started: 100 Finished: 100
2025-12-08 00:51:49,966 INFO o.a.j.r.Summariser: summary =    744 in 00:00:47 =   15.9/s Avg:   121 Min:     1 Max:   778 Err:   342 (45.97%)
